<?xml version="1.0" encoding="UTF-8"?>
<!-- Generated by org.testng.reporters.JUnitXMLReporter -->
<testsuite ignored="0" name="NegativeTest" tests="1" failures="1" timestamp="15 Mar 2019 19:06:05 GMT" time="0.009" errors="0">
  <testcase name="negativeTest" time="0.0" classname="com.inthinc.my.NegativeTests">
    <failure type="org.testng.TestNGException" message="
Parameter &amp;apos;username&amp;apos; is required by @Test on method negativeTest but has not been marked @Optional or defined
in /home/eprotopopov/git/TestAutomation/TestAutomation/TestAutomation/TestAutomation/TestAutomation/TestAutomation/selenium-for-my/src/test/resources/TestSuites/testng.xml">
      <![CDATA[org.testng.TestNGException: 
Parameter 'username' is required by @Test on method negativeTest but has not been marked @Optional or defined
in /home/eprotopopov/git/TestAutomation/TestAutomation/TestAutomation/TestAutomation/TestAutomation/TestAutomation/selenium-for-my/src/test/resources/TestSuites/testng.xml
... Removed 24 stack frames]]>
    </failure>
  </testcase> <!-- negativeTest -->
</testsuite> <!-- NegativeTest -->
