<?xml version="1.0" encoding="UTF-8"?>
<!-- Generated by org.testng.reporters.JUnitXMLReporter -->
<testsuite ignored="0" name="Default test" tests="6" failures="0" timestamp="22 Apr 2019 20:50:56 GMT" time="0.052" errors="0">
  <testcase name="@BeforeSuite setupbrowser" time="1.689" classname="com.inthinc.automation.BaseTest">
    <failure type="java.lang.NullPointerException" message="null value in entry: url=null">
      <![CDATA[java.lang.NullPointerException: null value in entry: url=null
at com.google.common.collect.CollectPreconditions.checkEntryNotNull(CollectPreconditions.java:32)
at com.google.common.collect.SingletonImmutableBiMap.<init>(SingletonImmutableBiMap.java:42)
at com.google.common.collect.ImmutableBiMap.of(ImmutableBiMap.java:70)
at com.google.common.collect.ImmutableMap.of(ImmutableMap.java:123)
at org.openqa.selenium.remote.RemoteWebDriver.get(RemoteWebDriver.java:273)
at com.inthinc.automation.BaseTest.setupbrowser(BaseTest.java:43)
at sun.reflect.NativeMethodAccessorImpl.invoke0(Native Method)
at sun.reflect.NativeMethodAccessorImpl.invoke(NativeMethodAccessorImpl.java:62)
at sun.reflect.DelegatingMethodAccessorImpl.invoke(DelegatingMethodAccessorImpl.java:43)
at java.lang.reflect.Method.invoke(Method.java:498)
at org.testng.internal.MethodInvocationHelper.invokeMethod(MethodInvocationHelper.java:124)
at org.testng.internal.MethodInvocationHelper.invokeMethodConsideringTimeout(MethodInvocationHelper.java:59)
at org.testng.internal.Invoker.invokeConfigurationMethod(Invoker.java:455)
at org.testng.internal.Invoker.invokeConfigurations(Invoker.java:222)
at org.testng.internal.Invoker.invokeConfigurations(Invoker.java:142)
at org.testng.SuiteRunner.privateRun(SuiteRunner.java:401)
at org.testng.SuiteRunner.run(SuiteRunner.java:364)
at org.testng.SuiteRunnerWorker.runSuite(SuiteRunnerWorker.java:52)
at org.testng.SuiteRunnerWorker.run(SuiteRunnerWorker.java:84)
at org.testng.TestNG.runSuitesSequentially(TestNG.java:1208)
at org.testng.TestNG.runSuitesLocally(TestNG.java:1137)
at org.testng.TestNG.runSuites(TestNG.java:1049)
at org.testng.TestNG.run(TestNG.java:1017)
at org.testng.remote.AbstractRemoteTestNG.run(AbstractRemoteTestNG.java:114)
at org.testng.remote.RemoteTestNG.initAndRun(RemoteTestNG.java:251)
at org.testng.remote.RemoteTestNG.main(RemoteTestNG.java:77)
]]>
    </failure>
  </testcase> <!-- @BeforeSuite setupbrowser -->
  <testcase name="@BeforeMethod objectintialize" time="0.0" classname="com.inthinc.automation.BaseTest">
    <skipped/>
  </testcase> <!-- @BeforeMethod objectintialize -->
  <testcase name="@BeforeMethod objectintialize" time="0.0" classname="com.inthinc.automation.BaseTest">
    <skipped/>
  </testcase> <!-- @BeforeMethod objectintialize -->
  <testcase name="@BeforeMethod objectintialize" time="0.0" classname="com.inthinc.automation.BaseTest">
    <skipped/>
  </testcase> <!-- @BeforeMethod objectintialize -->
  <testcase name="@BeforeMethod objectintialize" time="0.0" classname="com.inthinc.automation.BaseTest">
    <skipped/>
  </testcase> <!-- @BeforeMethod objectintialize -->
  <testcase name="@BeforeMethod objectintialize" time="0.0" classname="com.inthinc.automation.BaseTest">
    <skipped/>
  </testcase> <!-- @BeforeMethod objectintialize -->
  <testcase name="@BeforeMethod objectintialize" time="0.0" classname="com.inthinc.automation.BaseTest">
    <skipped/>
  </testcase> <!-- @BeforeMethod objectintialize -->
  <testcase name="getbrowser" time="0.0" classname="com.inthinc.automation.login.LoginTest">
    <skipped/>
  </testcase> <!-- getbrowser -->
  <testcase name="getbrowser2" time="0.0" classname="com.inthinc.automation.login.LoginTest">
    <skipped/>
  </testcase> <!-- getbrowser2 -->
  <testcase name="getbrowser3" time="0.0" classname="com.inthinc.automation.login.LoginTest">
    <skipped/>
  </testcase> <!-- getbrowser3 -->
  <testcase name="assetspage" time="0.0" classname="com.inthinc.automation.login.LoginTest">
    <skipped/>
  </testcase> <!-- assetspage -->
  <testcase name="tiwipro_clk" time="0.0" classname="com.inthinc.automation.login.LoginTest">
    <skipped/>
  </testcase> <!-- tiwipro_clk -->
  <testcase name="configuratorclk" time="0.0" classname="com.inthinc.automation.login.LoginTest">
    <skipped/>
  </testcase> <!-- configuratorclk -->
</testsuite> <!-- Default test -->
